# JRE version: OpenJDK Runtime Environment Temurin-17.0.1+12 (17.0.1+12) (build 17.0.1+12)
# Java VM: OpenJDK 64-Bit Server VM Temurin-17.0.1+12 (17.0.1+12, mixed mode, sharing, tiered, compressed oops, compressed class ptrs, g1 gc, windows-amd64)
GC Precious Log:
 CPUs: 2 total, 2 available
 Memory: 3991M
 Large Page Support: Disabled
 NUMA Support: Disabled
 Compressed Oops: Enabled (32-bit)
 Heap Region Size: 1M
 Heap Min Capacity: 8M
 Heap Initial Capacity: 64M
 Heap Max Capacity: 998M
 Pre-touch: Disabled
 Parallel Workers: 2
 Concurrent Workers: 1
 Concurrent Refinement Workers: 2
 Periodic GC: Disabled
Heap:
 garbage-first heap   total 78848K, used 39429K [0x00000000c1a00000, 0x0000000100000000)
  region size 1024K, 2 young (2048K), 2 survivors (2048K)
 Metaspace       used 32402K, committed 32832K, reserved 1081344K
  class space    used 3764K, committed 3968K, reserved 1048576K
GC Heap History (20 events):
Event: 5.477 GC heap after
{Heap after GC invocations=4 (full 0):
 garbage-first heap   total 65536K, used 5815K [0x00000000c1a00000, 0x0000000100000000)
  region size 1024K, 4 young (4096K), 4 survivors (4096K)
 Metaspace       used 10438K, committed 10560K, reserved 1064960K
  class space    used 1266K, committed 1344K, reserved 1048576K
}
Event: 8.029 GC heap before
{Heap before GC invocations=4 (full 0):
 garbage-first heap   total 65536K, used 40631K [0x00000000c1a00000, 0x0000000100000000)
  region size 1024K, 38 young (38912K), 4 survivors (4096K)
 Metaspace       used 12980K, committed 13184K, reserved 1064960K
  class space    used 1483K, committed 1600K, reserved 1048576K
}
Event: 8.074 GC heap after
{Heap after GC invocations=5 (full 0):
 garbage-first heap   total 65536K, used 8479K [0x00000000c1a00000, 0x0000000100000000)
  region size 1024K, 5 young (5120K), 5 survivors (5120K)
 Metaspace       used 12980K, committed 13184K, reserved 1064960K
  class space    used 1483K, committed 1600K, reserved 1048576K
}
Event: 9.632 GC heap before
{Heap before GC invocations=5 (full 0):
 garbage-first heap   total 65536K, used 42271K [0x00000000c1a00000, 0x0000000100000000)
  region size 1024K, 38 young (38912K), 5 survivors (5120K)
 Metaspace       used 14458K, committed 14656K, reserved 1064960K
  class space    used 1630K, committed 1728K, reserved 1048576K
}
Event: 9.709 GC heap after
{Heap after GC invocations=6 (full 0):
 garbage-first heap   total 78848K, used 11039K [0x00000000c1a00000, 0x0000000100000000)
  region size 1024K, 3 young (3072K), 3 survivors (3072K)
 Metaspace       used 14458K, committed 14656K, reserved 1064960K
  class space    used 1630K, committed 1728K, reserved 1048576K
}
Event: 11.260 GC heap before
{Heap before GC invocations=6 (full 0):
 garbage-first heap   total 78848K, used 55071K [0x00000000c1a00000, 0x0000000100000000)
  region size 1024K, 46 young (47104K), 3 survivors (3072K)
 Metaspace       used 15669K, committed 15872K, reserved 1064960K
  class space    used 1757K, committed 1856K, reserved 1048576K
}
Event: 11.302 GC heap after
{Heap after GC invocations=7 (full 0):
 garbage-first heap   total 78848K, used 14858K [0x00000000c1a00000, 0x0000000100000000)
  region size 1024K, 6 young (6144K), 6 survivors (6144K)
 Metaspace       used 15669K, committed 15872K, reserved 1064960K
  class space    used 1757K, committed 1856K, reserved 1048576K
}
Event: 12.807 GC heap before
{Heap before GC invocations=7 (full 0):
 garbage-first heap   total 78848K, used 55818K [0x00000000c1a00000, 0x0000000100000000)
  region size 1024K, 46 young (47104K), 6 survivors (6144K)
 Metaspace       used 16824K, committed 17088K, reserved 1064960K
  class space    used 1911K, committed 2048K, reserved 1048576K
}
Event: 12.875 GC heap after
{Heap after GC invocations=8 (full 0):
 garbage-first heap   total 78848K, used 17332K [0x00000000c1a00000, 0x0000000100000000)
  region size 1024K, 3 young (3072K), 3 survivors (3072K)
 Metaspace       used 16824K, committed 17088K, reserved 1064960K
  class space    used 1911K, committed 2048K, reserved 1048576K
}
Event: 14.388 GC heap before
{Heap before GC invocations=8 (full 0):
 garbage-first heap   total 78848K, used 59316K [0x00000000c1a00000, 0x0000000100000000)
  region size 1024K, 44 young (45056K), 3 survivors (3072K)
 Metaspace       used 17217K, committed 17472K, reserved 1064960K
  class space    used 1940K, committed 2048K, reserved 1048576K
}
Event: 14.397 GC heap after
{Heap after GC invocations=9 (full 0):
 garbage-first heap   total 78848K, used 18681K [0x00000000c1a00000, 0x0000000100000000)
  region size 1024K, 4 young (4096K), 4 survivors (4096K)
 Metaspace       used 17217K, committed 17472K, reserved 1064960K
  class space    used 1940K, committed 2048K, reserved 1048576K
}
Event: 15.637 GC heap before
{Heap before GC invocations=9 (full 0):
 garbage-first heap   total 78848K, used 60665K [0x00000000c1a00000, 0x0000000100000000)
  region size 1024K, 45 young (46080K), 4 survivors (4096K)
 Metaspace       used 19580K, committed 19904K, reserved 1073152K
  class space    used 2274K, committed 2432K, reserved 1048576K
}
Event: 15.650 GC heap after
{Heap after GC invocations=10 (full 0):
 garbage-first heap   total 78848K, used 21046K [0x00000000c1a00000, 0x0000000100000000)
  region size 1024K, 5 young (5120K), 5 survivors (5120K)
 Metaspace       used 19580K, committed 19904K, reserved 1073152K
  class space    used 2274K, committed 2432K, reserved 1048576K
}
Event: 18.749 GC heap before
{Heap before GC invocations=10 (full 0):
 garbage-first heap   total 78848K, used 56886K [0x00000000c1a00000, 0x0000000100000000)
  region size 1024K, 41 young (41984K), 5 survivors (5120K)
 Metaspace       used 21245K, committed 21504K, reserved 1073152K
  class space    used 2475K, committed 2624K, reserved 1048576K
}
Event: 18.774 GC heap after
{Heap after GC invocations=11 (full 0):
 garbage-first heap   total 78848K, used 22461K [0x00000000c1a00000, 0x0000000100000000)
  region size 1024K, 4 young (4096K), 4 survivors (4096K)
 Metaspace       used 21245K, committed 21504K, reserved 1073152K
  class space    used 2475K, committed 2624K, reserved 1048576K
}
Event: 20.888 GC heap before
{Heap before GC invocations=12 (full 0):
 garbage-first heap   total 78848K, used 62397K [0x00000000c1a00000, 0x0000000100000000)
  region size 1024K, 43 young (44032K), 4 survivors (4096K)
 Metaspace       used 30147K, committed 30464K, reserved 1081344K
  class space    used 3504K, committed 3648K, reserved 1048576K
}
Event: 20.919 GC heap after
{Heap after GC invocations=13 (full 0):
 garbage-first heap   total 78848K, used 27581K [0x00000000c1a00000, 0x0000000100000000)
  region size 1024K, 6 young (6144K), 6 survivors (6144K)
 Metaspace       used 30147K, committed 30464K, reserved 1081344K
  class space    used 3504K, committed 3648K, reserved 1048576K
}
Event: 23.155 GC heap before
{Heap before GC invocations=14 (full 0):
 garbage-first heap   total 78848K, used 64445K [0x00000000c1a00000, 0x0000000100000000)
  region size 1024K, 38 young (38912K), 6 survivors (6144K)
 Metaspace       used 32402K, committed 32832K, reserved 1081344K
  class space    used 3764K, committed 3968K, reserved 1048576K
}
Event: 23.188 GC heap after
{Heap after GC invocations=15 (full 0):
 garbage-first heap   total 78848K, used 34803K [0x00000000c1a00000, 0x0000000100000000)
  region size 1024K, 3 young (3072K), 3 survivors (3072K)
 Metaspace       used 32402K, committed 32832K, reserved 1081344K
  class space    used 3764K, committed 3968K, reserved 1048576K
}
Event: 23.194 GC heap before
{Heap before GC invocations=15 (full 0):
 garbage-first heap   total 78848K, used 39923K [0x00000000c1a00000, 0x0000000100000000)
  region size 1024K, 4 young (4096K), 3 survivors (3072K)
 Metaspace       used 32402K, committed 32832K, reserved 1081344K
  class space    used 3764K, committed 3968K, reserved 1048576K
}

